[0.007s] Invoking command in '/home/rhian/Documents/Semester 6/Robotics/Mini Project/ros_ws/Robot_Navigation_ROS2/build/turtlebot3_gazebo': CMAKE_PREFIX_PATH=/opt/ros/humble /usr/bin/cmake /home/rhian/Documents/Semester 6/Robotics/Mini Project/ros_ws/Robot_Navigation_ROS2/turtlebot3_gazebo -DAMENT_CMAKE_SYMLINK_INSTALL=1 -DCMAKE_INSTALL_PREFIX=/home/rhian/Documents/Semester 6/Robotics/Mini Project/ros_ws/Robot_Navigation_ROS2/install/turtlebot3_gazebo
[0.056s] -- The C compiler identification is GNU 11.4.0
[0.094s] -- The CXX compiler identification is GNU 11.4.0
[0.099s] -- Detecting C compiler ABI info
[0.154s] -- Detecting C compiler ABI info - done
[0.159s] -- Check for working C compiler: /usr/bin/cc - skipped
[0.159s] -- Detecting C compile features
[0.159s] -- Detecting C compile features - done
[0.161s] -- Detecting CXX compiler ABI info
[0.216s] -- Detecting CXX compiler ABI info - done
[0.221s] -- Check for working CXX compiler: /usr/bin/c++ - skipped
[0.221s] -- Detecting CXX compile features
[0.222s] -- Detecting CXX compile features - done
[0.223s] -- Found ament_cmake: 1.3.8 (/opt/ros/humble/share/ament_cmake/cmake)
[0.616s] -- Found Python3: /home/rhian/.pyenv/shims/python3 (found version "3.10.12") found components: Interpreter 
[0.686s] -- Override CMake install command with custom implementation using symlinks instead of copying resources
[0.708s] -- Found PkgConfig: /usr/bin/pkg-config (found version "0.29.2") 
[0.708s] [33mCMake Warning (dev) at /usr/share/cmake-3.22/Modules/FindPackageHandleStandardArgs.cmake:438 (message):
[0.708s]   The package name passed to `find_package_handle_standard_args` (PkgConfig)
[0.708s]   does not match the name of the calling package (gazebo).  This can lead to
[0.708s]   problems in calling code that expects `find_package` result variables
[0.708s]   (e.g., `_FOUND`) to follow a certain pattern.
[0.708s] Call Stack (most recent call first):
[0.708s]   /usr/share/cmake-3.22/Modules/FindPkgConfig.cmake:99 (find_package_handle_standard_args)
[0.708s]   /usr/lib/x86_64-linux-gnu/cmake/gazebo/gazebo-config.cmake:72 (include)
[0.709s]   CMakeLists.txt:23 (find_package)
[0.709s] This warning is for project developers.  Use -Wno-dev to suppress it.
[0.709s] [0m
[0.712s] -- Checking for module 'bullet>=2.82'
[0.720s] --   Found bullet, version 3.05
[0.789s] -- Found fcl: /usr/include (found suitable version "0.7.0", minimum required is "0.5.0") 
[0.820s] -- Found assimp: /usr/include (found version "5.2.0") 
[0.836s] -- Found DART: /usr/include (Required is at least version "6.6") found components: dart 
[0.959s] -- Found Boost: /usr/lib/x86_64-linux-gnu/cmake/Boost-1.74.0/BoostConfig.cmake (found suitable version "1.74.0", minimum required is "1.40.0") found components: thread system filesystem program_options regex iostreams date_time 
[0.972s] -- Found Protobuf: /usr/lib/x86_64-linux-gnu/libprotobuf.so (found version "3.12.4") 
[0.975s] -- Looking for ignition-math6 -- found version 6.15.1
[0.979s] -- Searching for dependencies of ignition-math6
[0.980s] -- Looking for OGRE...
[0.981s] -- OGRE_PREFIX_WATCH changed.
[0.985s] -- Checking for module 'OGRE'
[0.993s] --   Found OGRE, version 1.9.0
[1.014s] -- Found Ogre Ghadamon (1.9.0)
[1.023s] -- Found OGRE: optimized;/usr/lib/x86_64-linux-gnu/libOgreMain.so;debug;/usr/lib/x86_64-linux-gnu/libOgreMain.so
[1.031s] -- Looking for OGRE_Paging...
[1.037s] -- Found OGRE_Paging: optimized;/usr/lib/x86_64-linux-gnu/libOgrePaging.so;debug;/usr/lib/x86_64-linux-gnu/libOgrePaging.so
[1.037s] -- Looking for OGRE_Terrain...
[1.041s] -- Found OGRE_Terrain: optimized;/usr/lib/x86_64-linux-gnu/libOgreTerrain.so;debug;/usr/lib/x86_64-linux-gnu/libOgreTerrain.so
[1.041s] -- Looking for OGRE_Property...
[1.045s] -- Found OGRE_Property: optimized;/usr/lib/x86_64-linux-gnu/libOgreProperty.so;debug;/usr/lib/x86_64-linux-gnu/libOgreProperty.so
[1.045s] -- Looking for OGRE_RTShaderSystem...
[1.048s] -- Found OGRE_RTShaderSystem: optimized;/usr/lib/x86_64-linux-gnu/libOgreRTShaderSystem.so;debug;/usr/lib/x86_64-linux-gnu/libOgreRTShaderSystem.so
[1.049s] -- Looking for OGRE_Volume...
[1.053s] -- Found OGRE_Volume: optimized;/usr/lib/x86_64-linux-gnu/libOgreVolume.so;debug;/usr/lib/x86_64-linux-gnu/libOgreVolume.so
[1.053s] -- Looking for OGRE_Overlay...
[1.056s] -- Found OGRE_Overlay: optimized;/usr/lib/x86_64-linux-gnu/libOgreOverlay.so;debug;/usr/lib/x86_64-linux-gnu/libOgreOverlay.so
[1.138s] -- Looking for ignition-math6 -- found version 6.15.1
[1.139s] -- Looking for ignition-transport8 -- found version 8.2.1
[1.139s] -- Searching for dependencies of ignition-transport8
[1.154s] -- Found Protobuf: /usr/lib/x86_64-linux-gnu/libprotobuf.so (found suitable version "3.12.4", minimum required is "3") 
[1.164s] -- Config-file not installed for ZeroMQ -- checking for pkg-config
[1.167s] -- Checking for module 'libzmq >= 4'
[1.176s] --   Found libzmq , version 4.3.4
[1.199s] -- Found ZeroMQ: TRUE (Required is at least version "4") 
[1.203s] -- Checking for module 'uuid'
[1.211s] --   Found uuid, version 2.37.2
[1.234s] -- Found UUID: TRUE  
[1.235s] -- Looking for ignition-msgs5 -- found version 5.8.1
[1.236s] -- Searching for dependencies of ignition-msgs5
[1.251s] -- Looking for ignition-math6 -- found version 6.15.1
[1.255s] -- Checking for module 'tinyxml2'
[1.264s] --   Found tinyxml2, version 9.0.0
[1.285s] -- Looking for ignition-msgs5 -- found version 5.8.1
[1.287s] -- Looking for ignition-common3 -- found version 3.14.0
[1.287s] -- Searching for dependencies of ignition-common3
[1.287s] -- Looking for dlfcn.h - found
[1.288s] -- Looking for libdl - found
[1.289s] -- Found DL: TRUE  
[1.298s] -- Found tinyobjloader: /usr/lib/x86_64-linux-gnu/cmake/tinyobjloader/tinyobjloader-config.cmake (found version "2.0.0") 
[1.298s] -- Searching for <ignition-common3> component [graphics]
[1.300s] -- Looking for ignition-common3-graphics -- found version 3.14.0
[1.300s] -- Searching for dependencies of ignition-common3-graphics
[1.300s] -- Looking for ignition-math6 -- found version 6.15.1
[1.302s] -- Looking for ignition-fuel_tools4 -- found version 4.4.0
[1.303s] -- Searching for dependencies of ignition-fuel_tools4
[1.360s] -- Found CURL: /usr/lib/x86_64-linux-gnu/libcurl.so (found version "7.81.0")  
[1.366s] -- Checking for module 'jsoncpp'
[1.375s] --   Found jsoncpp, version 1.9.5
[1.395s] -- Found JSONCPP: TRUE  
[1.399s] -- Checking for module 'libzip'
[1.407s] --   Found libzip, version 1.7.3
[1.428s] -- Found ZIP: TRUE  
[1.428s] -- Looking for ignition-common3 -- found version 3.14.0
[1.429s] -- Looking for ignition-math6 -- found version 6.15.1
[1.429s] -- Looking for ignition-msgs5 -- found version 5.8.1
[1.434s] -- Found gazebo_ros_pkgs: 3.7.0 (/opt/ros/humble/share/gazebo_ros_pkgs/cmake)
[1.434s] -- Found geometry_msgs: 4.2.3 (/opt/ros/humble/share/geometry_msgs/cmake)
[1.456s] -- Found rosidl_generator_c: 3.1.5 (/opt/ros/humble/share/rosidl_generator_c/cmake)
[1.459s] -- Found rosidl_adapter: 3.1.5 (/opt/ros/humble/share/rosidl_adapter/cmake)
[1.465s] -- Found rosidl_generator_cpp: 3.1.5 (/opt/ros/humble/share/rosidl_generator_cpp/cmake)
[1.475s] -- Using all available rosidl_typesupport_c: rosidl_typesupport_fastrtps_c;rosidl_typesupport_introspection_c
[1.488s] -- Using all available rosidl_typesupport_cpp: rosidl_typesupport_fastrtps_cpp;rosidl_typesupport_introspection_cpp
[1.584s] -- Found nav_msgs: 4.2.3 (/opt/ros/humble/share/nav_msgs/cmake)
[1.652s] -- Found rclcpp: 16.0.8 (/opt/ros/humble/share/rclcpp/cmake)
[1.693s] -- Found rmw_implementation_cmake: 6.1.1 (/opt/ros/humble/share/rmw_implementation_cmake/cmake)
[1.694s] -- Found rmw_fastrtps_cpp: 6.2.6 (/opt/ros/humble/share/rmw_fastrtps_cpp/cmake)
[1.765s] -- Found OpenSSL: /usr/lib/x86_64-linux-gnu/libcrypto.so (found version "3.0.2")  
[1.786s] -- Found FastRTPS: /opt/ros/humble/include  
[1.826s] -- Using RMW implementation 'rmw_fastrtps_cpp' as default
[1.835s] -- Found Threads: TRUE  
[1.922s] -- Found sensor_msgs: 4.2.3 (/opt/ros/humble/share/sensor_msgs/cmake)
[1.982s] -- Found tf2: 0.25.6 (/opt/ros/humble/share/tf2/cmake)
[2.070s] -- Configuring done
[2.092s] -- Generating done
[2.094s] -- Build files have been written to: /home/rhian/Documents/Semester 6/Robotics/Mini Project/ros_ws/Robot_Navigation_ROS2/build/turtlebot3_gazebo
[2.105s] Invoked command in '/home/rhian/Documents/Semester 6/Robotics/Mini Project/ros_ws/Robot_Navigation_ROS2/build/turtlebot3_gazebo' returned '0': CMAKE_PREFIX_PATH=/opt/ros/humble /usr/bin/cmake /home/rhian/Documents/Semester 6/Robotics/Mini Project/ros_ws/Robot_Navigation_ROS2/turtlebot3_gazebo -DAMENT_CMAKE_SYMLINK_INSTALL=1 -DCMAKE_INSTALL_PREFIX=/home/rhian/Documents/Semester 6/Robotics/Mini Project/ros_ws/Robot_Navigation_ROS2/install/turtlebot3_gazebo
[2.106s] Invoking command in '/home/rhian/Documents/Semester 6/Robotics/Mini Project/ros_ws/Robot_Navigation_ROS2/build/turtlebot3_gazebo': CMAKE_PREFIX_PATH=/opt/ros/humble /usr/bin/cmake --build /home/rhian/Documents/Semester 6/Robotics/Mini Project/ros_ws/Robot_Navigation_ROS2/build/turtlebot3_gazebo -- -j4 -l4
[2.152s] [ 50%] [32mBuilding CXX object CMakeFiles/turtlebot3_drive.dir/src/turtlebot3_drive.cpp.o[0m
[2.152s] [ 50%] [32mBuilding CXX object CMakeFiles/obstacle2.dir/models/turtlebot3_dqn_world/obstacle_plugin/obstacle2.cc.o[0m
[2.152s] [ 50%] [32mBuilding CXX object CMakeFiles/obstacles.dir/models/turtlebot3_dqn_world/obstacle_plugin/obstacles.cc.o[0m
[2.153s] [ 50%] [32mBuilding CXX object CMakeFiles/obstacle1.dir/models/turtlebot3_dqn_world/obstacle_plugin/obstacle1.cc.o[0m
[17.006s] [ 62%] [32m[1mLinking CXX shared library libobstacle1.so[0m
[17.425s] [ 75%] [32m[1mLinking CXX shared library libobstacle2.so[0m
[17.439s] [ 75%] Built target obstacle1
[17.642s] [ 87%] [32m[1mLinking CXX shared library libobstacles.so[0m
[17.759s] [ 87%] Built target obstacle2
[17.893s] [ 87%] Built target obstacles
[18.968s] [100%] [32m[1mLinking CXX executable turtlebot3_drive[0m
[19.612s] /usr/bin/ld: /usr/lib/gcc/x86_64-linux-gnu/11/../../../x86_64-linux-gnu/Scrt1.o: in function `_start':
[19.612s] (.text+0x1b): undefined reference to `main'
[19.664s] collect2: error: ld returned 1 exit status
[19.665s] gmake[2]: *** [CMakeFiles/turtlebot3_drive.dir/build.make:184: turtlebot3_drive] Error 1
[19.665s] gmake[1]: *** [CMakeFiles/Makefile2:143: CMakeFiles/turtlebot3_drive.dir/all] Error 2
[19.665s] gmake: *** [Makefile:146: all] Error 2
[19.670s] Invoked command in '/home/rhian/Documents/Semester 6/Robotics/Mini Project/ros_ws/Robot_Navigation_ROS2/build/turtlebot3_gazebo' returned '2': CMAKE_PREFIX_PATH=/opt/ros/humble /usr/bin/cmake --build /home/rhian/Documents/Semester 6/Robotics/Mini Project/ros_ws/Robot_Navigation_ROS2/build/turtlebot3_gazebo -- -j4 -l4
