[0.008s] Invoking command in '/home/rhian/Documents/Semester 6/Robotics/Mini Project/ros_ws/Robot_Navigation_ROS2/build/turtlebot3_gazebo': CMAKE_PREFIX_PATH=/opt/ros/humble /usr/bin/cmake --build /home/rhian/Documents/Semester 6/Robotics/Mini Project/ros_ws/Robot_Navigation_ROS2/build/turtlebot3_gazebo -- -j4 -l4
[0.033s] -- Found ament_cmake: 1.3.8 (/opt/ros/humble/share/ament_cmake/cmake)
[0.177s] -- Override CMake install command with custom implementation using symlinks instead of copying resources
[0.192s] [33mCMake Warning (dev) at /usr/share/cmake-3.22/Modules/FindPackageHandleStandardArgs.cmake:438 (message):
[0.192s]   The package name passed to `find_package_handle_standard_args` (PkgConfig)
[0.192s]   does not match the name of the calling package (gazebo).  This can lead to
[0.192s]   problems in calling code that expects `find_package` result variables
[0.192s]   (e.g., `_FOUND`) to follow a certain pattern.
[0.192s] Call Stack (most recent call first):
[0.192s]   /usr/share/cmake-3.22/Modules/FindPkgConfig.cmake:99 (find_package_handle_standard_args)
[0.192s]   /usr/lib/x86_64-linux-gnu/cmake/gazebo/gazebo-config.cmake:72 (include)
[0.192s]   CMakeLists.txt:17 (find_package)
[0.193s] This warning is for project developers.  Use -Wno-dev to suppress it.
[0.193s] [0m
[0.214s] -- Found DART: /usr/include (Required is at least version "6.6") found components: dart 
[0.250s] -- Found Protobuf: /usr/lib/x86_64-linux-gnu/libprotobuf.so (found version "3.12.4") 
[0.251s] -- Looking for ignition-math6 -- found version 6.15.1
[0.256s] -- Searching for dependencies of ignition-math6
[0.258s] -- Looking for OGRE...
[0.262s] -- Found Ogre Ghadamon (1.9.0)
[0.262s] -- Found OGRE: optimized;/usr/lib/x86_64-linux-gnu/libOgreMain.so;debug;/usr/lib/x86_64-linux-gnu/libOgreMain.so
[0.269s] -- Looking for OGRE_Paging...
[0.269s] -- Found OGRE_Paging: optimized;/usr/lib/x86_64-linux-gnu/libOgrePaging.so;debug;/usr/lib/x86_64-linux-gnu/libOgrePaging.so
[0.269s] -- Looking for OGRE_Terrain...
[0.269s] -- Found OGRE_Terrain: optimized;/usr/lib/x86_64-linux-gnu/libOgreTerrain.so;debug;/usr/lib/x86_64-linux-gnu/libOgreTerrain.so
[0.269s] -- Looking for OGRE_Property...
[0.269s] -- Found OGRE_Property: optimized;/usr/lib/x86_64-linux-gnu/libOgreProperty.so;debug;/usr/lib/x86_64-linux-gnu/libOgreProperty.so
[0.269s] -- Looking for OGRE_RTShaderSystem...
[0.269s] -- Found OGRE_RTShaderSystem: optimized;/usr/lib/x86_64-linux-gnu/libOgreRTShaderSystem.so;debug;/usr/lib/x86_64-linux-gnu/libOgreRTShaderSystem.so
[0.270s] -- Looking for OGRE_Volume...
[0.270s] -- Found OGRE_Volume: optimized;/usr/lib/x86_64-linux-gnu/libOgreVolume.so;debug;/usr/lib/x86_64-linux-gnu/libOgreVolume.so
[0.270s] -- Looking for OGRE_Overlay...
[0.270s] -- Found OGRE_Overlay: optimized;/usr/lib/x86_64-linux-gnu/libOgreOverlay.so;debug;/usr/lib/x86_64-linux-gnu/libOgreOverlay.so
[0.360s] -- Looking for ignition-math6 -- found version 6.15.1
[0.361s] -- Looking for ignition-transport8 -- found version 8.2.1
[0.362s] -- Searching for dependencies of ignition-transport8
[0.378s] -- Found Protobuf: /usr/lib/x86_64-linux-gnu/libprotobuf.so (found suitable version "3.12.4", minimum required is "3") 
[0.388s] -- Config-file not installed for ZeroMQ -- checking for pkg-config
[0.391s] -- Checking for module 'libzmq >= 4'
[0.400s] --   Found libzmq , version 4.3.4
[0.426s] -- Checking for module 'uuid'
[0.435s] --   Found uuid, version 2.37.2
[0.457s] -- Looking for ignition-msgs5 -- found version 5.8.1
[0.457s] -- Searching for dependencies of ignition-msgs5
[0.472s] -- Looking for ignition-math6 -- found version 6.15.1
[0.476s] -- Checking for module 'tinyxml2'
[0.484s] --   Found tinyxml2, version 9.0.0
[0.505s] -- Looking for ignition-msgs5 -- found version 5.8.1
[0.506s] -- Looking for ignition-common3 -- found version 3.14.0
[0.506s] -- Searching for dependencies of ignition-common3
[0.506s] -- Looking for dlfcn.h - found
[0.506s] -- Looking for libdl - found
[0.516s] -- Searching for <ignition-common3> component [graphics]
[0.516s] -- Looking for ignition-common3-graphics -- found version 3.14.0
[0.516s] -- Searching for dependencies of ignition-common3-graphics
[0.516s] -- Looking for ignition-math6 -- found version 6.15.1
[0.518s] -- Looking for ignition-fuel_tools4 -- found version 4.4.0
[0.518s] -- Searching for dependencies of ignition-fuel_tools4
[0.550s] -- Checking for module 'jsoncpp'
[0.559s] --   Found jsoncpp, version 1.9.5
[0.583s] -- Checking for module 'libzip'
[0.592s] --   Found libzip, version 1.7.3
[0.612s] -- Looking for ignition-common3 -- found version 3.14.0
[0.612s] -- Looking for ignition-math6 -- found version 6.15.1
[0.613s] -- Looking for ignition-msgs5 -- found version 5.8.1
[0.615s] -- Found gazebo_ros_pkgs: 3.7.0 (/opt/ros/humble/share/gazebo_ros_pkgs/cmake)
[0.615s] -- Found geometry_msgs: 4.2.3 (/opt/ros/humble/share/geometry_msgs/cmake)
[0.638s] -- Found rosidl_generator_c: 3.1.5 (/opt/ros/humble/share/rosidl_generator_c/cmake)
[0.640s] -- Found rosidl_adapter: 3.1.5 (/opt/ros/humble/share/rosidl_adapter/cmake)
[0.648s] -- Found rosidl_generator_cpp: 3.1.5 (/opt/ros/humble/share/rosidl_generator_cpp/cmake)
[0.658s] -- Using all available rosidl_typesupport_c: rosidl_typesupport_fastrtps_c;rosidl_typesupport_introspection_c
[0.671s] -- Using all available rosidl_typesupport_cpp: rosidl_typesupport_fastrtps_cpp;rosidl_typesupport_introspection_cpp
[0.758s] -- Found nav_msgs: 4.2.3 (/opt/ros/humble/share/nav_msgs/cmake)
[0.819s] -- Found rclcpp: 16.0.8 (/opt/ros/humble/share/rclcpp/cmake)
[0.861s] -- Found rmw_implementation_cmake: 6.1.1 (/opt/ros/humble/share/rmw_implementation_cmake/cmake)
[0.863s] -- Found rmw_fastrtps_cpp: 6.2.6 (/opt/ros/humble/share/rmw_fastrtps_cpp/cmake)
[0.962s] -- Using RMW implementation 'rmw_fastrtps_cpp' as default
[1.060s] -- Found sensor_msgs: 4.2.3 (/opt/ros/humble/share/sensor_msgs/cmake)
[1.120s] -- Found tf2: 0.25.6 (/opt/ros/humble/share/tf2/cmake)
[1.204s] -- Configuring done
[1.226s] -- Generating done
[1.228s] -- Build files have been written to: /home/rhian/Documents/Semester 6/Robotics/Mini Project/ros_ws/Robot_Navigation_ROS2/build/turtlebot3_gazebo
[1.256s] [35m[1mConsolidate compiler generated dependencies of target turtlebot3_drive[0m
[1.257s] [35m[1mConsolidate compiler generated dependencies of target obstacle2[0m
[1.257s] [35m[1mConsolidate compiler generated dependencies of target obstacle1[0m
[1.258s] [35m[1mConsolidate compiler generated dependencies of target obstacles[0m
[1.275s] [ 12%] [32m[1mLinking CXX executable turtlebot3_drive[0m
[1.296s] [ 75%] Built target obstacles
[1.296s] [ 87%] Built target obstacle1
[1.296s] [ 75%] Built target obstacle2
[1.884s] /usr/bin/ld: /usr/lib/gcc/x86_64-linux-gnu/11/../../../x86_64-linux-gnu/Scrt1.o: in function `_start':
[1.884s] (.text+0x1b): undefined reference to `main'
[1.935s] collect2: error: ld returned 1 exit status
[1.936s] gmake[2]: *** [CMakeFiles/turtlebot3_drive.dir/build.make:184: turtlebot3_drive] Error 1
[1.937s] gmake[1]: *** [CMakeFiles/Makefile2:143: CMakeFiles/turtlebot3_drive.dir/all] Error 2
[1.937s] gmake: *** [Makefile:146: all] Error 2
[1.939s] Invoked command in '/home/rhian/Documents/Semester 6/Robotics/Mini Project/ros_ws/Robot_Navigation_ROS2/build/turtlebot3_gazebo' returned '2': CMAKE_PREFIX_PATH=/opt/ros/humble /usr/bin/cmake --build /home/rhian/Documents/Semester 6/Robotics/Mini Project/ros_ws/Robot_Navigation_ROS2/build/turtlebot3_gazebo -- -j4 -l4
